<?xml version="1.0" encoding="UTF-8"?>
<!-- Generated by org.testng.reporters.JUnitReportReporter -->
<testsuite hostname="USABOS92291L" name="com.tests.Order" tests="1" failures="0" timestamp="29 Nov 2016 17:30:41 GMT" time="241.709" errors="0">
  <testcase name="SearchItemAndCreatOrder" time="241.709" classname="com.tests.Order"/>
</testsuite> <!-- com.tests.Order -->
