<?xml version="1.0" encoding="UTF-8"?>
<!-- Generated by org.testng.reporters.JUnitReportReporter -->
<testsuite hostname="USABOS92291L" name="com.tests.CustomerSelectionAndSwitch" tests="1" failures="0" timestamp="13 Dec 2016 03:23:50 GMT" time="344.947" errors="0">
  <testcase name="ValidateLogIn" time="344.947" classname="com.tests.CustomerSelectionAndSwitch"/>
</testsuite> <!-- com.tests.CustomerSelectionAndSwitch -->
