<?xml version="1.0" encoding="UTF-8"?>
<!-- Generated by org.testng.reporters.JUnitReportReporter -->
<testsuite hostname="USABOS92291L" name="com.tests.ProductCatalogue" tests="1" failures="0" timestamp="13 Dec 2016 03:13:13 GMT" time="334.579" errors="0">
  <testcase name="validateProductStockIndicator" time="334.579" classname="com.tests.ProductCatalogue"/>
</testsuite> <!-- com.tests.ProductCatalogue -->
